0 verbose cli C:\Program Files\nodejs\node.exe C:\Users\ThinkPad\AppData\Roaming\npm\node_modules\npm\bin\npm-cli.js
1 info using npm@11.9.0
2 info using node@v22.13.0
3 silly config load:file:C:\Users\ThinkPad\AppData\Roaming\npm\node_modules\npm\npmrc
4 silly config load:file:C:\laragon\www\.npmrc
5 silly config load:file:C:\Users\ThinkPad\.npmrc
6 silly config load:file:C:\Users\ThinkPad\AppData\Roaming\npm\etc\npmrc
7 verbose title npm exec create-next-app@latest . --ts --tailwind --eslint --app --no-src-dir --use-npm
8 verbose argv "exec" "--" "create-next-app@latest" "." "--ts" "--tailwind" "--eslint" "--app" "--no-src-dir" "--use-npm"
9 verbose logfile logs-max:10 dir:C:\laragon\www\aas\.npm-cache\_logs\2026-05-14T07_05_08_540Z-
10 verbose logfile C:\laragon\www\aas\.npm-cache\_logs\2026-05-14T07_05_08_540Z-debug-0.log
11 silly logfile done cleaning log files
12 silly packumentCache heap:2197815296 maxSize:549453824 maxEntrySize:274726912
13 http fetch GET 200 https://registry.npmjs.org/create-next-app 936ms (cache miss)
14 silly packumentCache heap:2197815296 maxSize:549453824 maxEntrySize:274726912
15 silly packumentCache heap:2197815296 maxSize:549453824 maxEntrySize:274726912
16 warn exec The following package was not found and will be installed: create-next-app@16.2.6
17 silly idealTree buildDeps
18 silly fetch manifest create-next-app@16.2.6
19 silly packumentCache full:https://registry.npmjs.org/create-next-app cache-miss
20 http fetch GET 200 https://registry.npmjs.org/create-next-app 1017ms (cache miss)
21 silly packumentCache full:https://registry.npmjs.org/create-next-app set size:undefined disposed:false
22 silly placeDep ROOT create-next-app@16.2.6 OK for:  want: 16.2.6
23 silly reify moves {}
24 silly audit bulk request { 'create-next-app': [ '16.2.6' ] }
25 http cache create-next-app@https://registry.npmjs.org/create-next-app/-/create-next-app-16.2.6.tgz 1ms (cache hit)
26 silly tarball no local data for create-next-app@https://registry.npmjs.org/create-next-app/-/create-next-app-16.2.6.tgz. Extracting by manifest.
27 http fetch POST 200 https://registry.npmjs.org/-/npm/v1/security/advisories/bulk 230ms
28 silly audit report {}
29 http fetch GET 200 https://registry.npmjs.org/create-next-app/-/create-next-app-16.2.6.tgz 1670ms (cache miss)
30 verbose cwd C:\laragon\www\aas\frontend
31 verbose os Windows_NT 10.0.19045
32 verbose node v22.13.0
33 verbose npm  v11.9.0
34 verbose exit 0
35 info ok
