0 verbose cli C:\Program Files\nodejs\node.exe C:\Program Files\nodejs\node_modules\npm\bin\npm-cli.js
1 info using npm@10.9.2
2 info using node@v22.13.0
3 silly config load:file:C:\Program Files\nodejs\node_modules\npm\npmrc
4 silly config load:file:C:\laragon\www\aas\frontend\.npmrc
5 silly config load:file:C:\Users\ThinkPad\.npmrc
6 silly config load:file:C:\Users\ThinkPad\AppData\Roaming\npm\etc\npmrc
7 verbose title npm install axios
8 verbose argv "install" "axios"
9 verbose logfile logs-max:10 dir:C:\laragon\www\aas\.npm-cache\_logs\2026-05-14T07_10_48_643Z-
10 verbose logfile C:\laragon\www\aas\.npm-cache\_logs\2026-05-14T07_10_48_643Z-debug-0.log
11 silly logfile done cleaning log files
12 silly packumentCache heap:2197815296 maxSize:549453824 maxEntrySize:274726912
13 silly idealTree buildDeps
14 silly fetch manifest axios@*
15 silly packumentCache full:https://registry.npmjs.org/axios cache-miss
16 http fetch GET https://registry.npmjs.org/axios attempt 1 failed with EACCES
17 http fetch GET https://registry.npmjs.org/axios attempt 2 failed with EACCES
18 http fetch GET https://registry.npmjs.org/axios attempt 3 failed with EACCES
19 silly placeDep ROOT axios@ OK for: frontend@0.1.0 want: *
20 verbose type system
21 verbose stack FetchError: request to https://registry.npmjs.org/axios failed, reason: 
21 verbose stack     at ClientRequest.<anonymous> (C:\Program Files\nodejs\node_modules\npm\node_modules\minipass-fetch\lib\index.js:130:14)
21 verbose stack     at ClientRequest.emit (node:events:524:28)
21 verbose stack     at emitErrorEvent (node:_http_client:104:11)
21 verbose stack     at _destroy (node:_http_client:898:9)
21 verbose stack     at onSocketNT (node:_http_client:918:5)
21 verbose stack     at process.processTicksAndRejections (node:internal/process/task_queues:91:21)
22 error code EACCES
23 error errno EACCES
24 error FetchError: request to https://registry.npmjs.org/axios failed, reason: 
24 error     at ClientRequest.<anonymous> (C:\Program Files\nodejs\node_modules\npm\node_modules\minipass-fetch\lib\index.js:130:14)
24 error     at ClientRequest.emit (node:events:524:28)
24 error     at emitErrorEvent (node:_http_client:104:11)
24 error     at _destroy (node:_http_client:898:9)
24 error     at onSocketNT (node:_http_client:918:5)
24 error     at process.processTicksAndRejections (node:internal/process/task_queues:91:21) {
24 error   code: 'EACCES',
24 error   errno: 'EACCES',
24 error   type: 'system',
24 error   requiredBy: '.'
24 error }
25 error
25 error The operation was rejected by your operating system.
25 error It's possible that the file was already in use (by a text editor or antivirus),
25 error or that you lack permissions to access it.
25 error
25 error If you believe this might be a permissions issue, please double-check the
25 error permissions of the file and its containing directories, or try running
25 error the command again as root/Administrator.
26 silly unfinished npm timer reify 1778742650532
27 silly unfinished npm timer reify:loadTrees 1778742650533
28 verbose cwd C:\laragon\www\aas\frontend
29 verbose os Windows_NT 10.0.19045
30 verbose node v22.13.0
31 verbose npm  v10.9.2
32 verbose exit 1
33 verbose code 1
34 error A complete log of this run can be found in: C:\laragon\www\aas\.npm-cache\_logs\2026-05-14T07_10_48_643Z-debug-0.log
